#
# A fatal error has been detected by the Java Runtime Environment:
#
#  EXCEPTION_ACCESS_VIOLATION (0xc0000005) at pc=0x0000000050913209, pid=14896, tid=3880
#
# JRE version: Java(TM) SE Runtime Environment (7.0_51-b13) (build 1.7.0_51-b13)
# Java VM: Java HotSpot(TM) 64-Bit Server VM (24.51-b03 mixed mode windows-amd64 compressed oops)
# Problematic frame:
# V  [jvm.dll+0x123209]
#
# Failed to write core dump. Minidumps are not enabled by default on client versions of Windows
#
# If you would like to submit a bug report, please visit:
#   http://bugreport.sun.com/bugreport/crash.jsp
#

---------------  T H R E A D  ---------------

Current thread (0x000000000c932000):  JavaThread "Thread-3" [_thread_in_vm, id=3880, stack(0x00000000110a0000,0x00000000111a0000)]

siginfo: ExceptionCode=0xc0000005, reading address 0x0000000000000000

Registers:
RAX=0x0000000000000000, RBX=0x000000000c932000, RCX=0x0000000000000200, RDX=0x0000000000000000
RSP=0x000000001119f190, RBP=0x0000000000000000, RSI=0x0000000000000000, RDI=0x0000000000000000
R8 =0x0000000000000000, R9 =0x0000000000560000, R10=0x00007fff88e156e0, R11=0x0000000000000000
R12=0x0000000000000001, R13=0x00000000000005f0, R14=0x000000001119f308, R15=0x000000000c932000
RIP=0x0000000050913209, EFLAGS=0x0000000000010202

Top of Stack: (sp=0x000000001119f190)
0x000000001119f190:   000000001119f1c0 000000006a012621
0x000000001119f1a0:   000000001119f130 000000000c932000
0x000000001119f1b0:   000000001119f308 00000000000005f0
0x000000001119f1c0:   0000000000000001 000000006a00189f
0x000000001119f1d0:   000000000056eb30 000000001119f2d0
0x000000001119f1e0:   000000000c9321e8 0000000000000000
0x000000001119f1f0:   000000001119f668 000000000c99a510
0x000000001119f200:   000000000c99a8e8 00000000000003d8
0x000000001119f210:   0000000001e863f0 000000077bfeba68
0x000000001119f220:   000000077c2dffa8 0000000001e863f0
0x000000001119f230:   000000001119f2d0 0000000000000000
0x000000001119f240:   000000077bfeba68 0000000001e93090
0x000000001119f250:   0000000000000000 000000077c2d9da7
0x000000001119f260:   00000000000000b6 000000000c700628
0x000000001119f270:   000000000c99a8e8 0000000001e94a01
0x000000001119f280:   000000000c932000 000000001119f368 

Instructions: (pc=0x0000000050913209)
0x00000000509131e9:   a9 00 00 00 30 74 08 48 8b cb e8 d8 09 0d 00 c7
0x00000000509131f9:   83 60 02 00 00 06 00 00 00 40 38 3d 2f 7a 62 00
0x0000000050913209:   4c 8b 2e 41 bc 10 00 00 00 41 be 0c 00 00 00 41
0x0000000050913219:   8b c4 41 0f 45 c6 48 98 4a 63 0c 28 85 c9 75 54 


Register to memory mapping:

RAX=0x0000000000000000 is an unknown value
RBX=0x000000000c932000 is a thread
RCX=0x0000000000000200 is an unknown value
RDX=0x0000000000000000 is an unknown value
RSP=0x000000001119f190 is pointing into the stack for thread: 0x000000000c932000
RBP=0x0000000000000000 is an unknown value
RSI=0x0000000000000000 is an unknown value
RDI=0x0000000000000000 is an unknown value
R8 =0x0000000000000000 is an unknown value
R9 =0x0000000000560000 is an unknown value
R10=0x00007fff88e156e0 is an unknown value
R11=0x0000000000000000 is an unknown value
R12=0x0000000000000001 is an unknown value
R13=0x00000000000005f0 is an unknown value
R14=0x000000001119f308 is pointing into the stack for thread: 0x000000000c932000
R15=0x000000000c932000 is a thread


Stack: [0x00000000110a0000,0x00000000111a0000],  sp=0x000000001119f190,  free space=1020k
Native frames: (J=compiled Java code, j=interpreted, Vv=VM code, C=native code)
V  [jvm.dll+0x123209]

[error occurred during error reporting (printing native stack), id 0xc0000005]

Java frames: (J=compiled Java code, j=interpreted, Vv=VM code)
j  jssc.SerialNativeInterface.writeBytes(J[B)Z+0
j  jssc.SerialPort.writeBytes([B)Z+15
j  serial.SerialThread.checkBuffer()V+14
j  serial.SerialThread.closeFrame()V+27
j  serial.SerialThread.captureByte(Ljava/lang/Byte;)V+58
j  serial.SerialThread.run()V+17
v  ~StubRoutines::call_stub

---------------  P R O C E S S  ---------------

Java Threads: ( => current thread )
=>0x000000000c932000 JavaThread "Thread-3" [_thread_in_vm, id=3880, stack(0x00000000110a0000,0x00000000111a0000)]
  0x0000000001bbd800 JavaThread "DestroyJavaVM" [_thread_blocked, id=17440, stack(0x0000000001c80000,0x0000000001d80000)]
  0x000000000c91d800 JavaThread "D3D Screen Updater" daemon [_thread_blocked, id=13520, stack(0x0000000010910000,0x0000000010a10000)]
  0x000000000f654800 JavaThread "Thread-1" [_thread_blocked, id=5712, stack(0x000000000fe30000,0x000000000ff30000)]
  0x000000000c90b000 JavaThread "TimerQueue" daemon [_thread_blocked, id=7648, stack(0x000000000f530000,0x000000000f630000)]
  0x000000000c8a2000 JavaThread "AWT-EventQueue-0" [_thread_blocked, id=9152, stack(0x000000000e130000,0x000000000e230000)]
  0x000000000c7d5000 JavaThread "AWT-Windows" daemon [_thread_in_native, id=8108, stack(0x000000000d690000,0x000000000d790000)]
  0x000000000c705800 JavaThread "AWT-Shutdown" [_thread_blocked, id=15120, stack(0x000000000d590000,0x000000000d690000)]
  0x000000000c703000 JavaThread "Java2D Disposer" daemon [_thread_blocked, id=10004, stack(0x000000000d490000,0x000000000d590000)]
  0x0000000001e7e800 JavaThread "Service Thread" daemon [_thread_blocked, id=14944, stack(0x000000000ce90000,0x000000000cf90000)]
  0x0000000001e72000 JavaThread "C2 CompilerThread1" daemon [_thread_blocked, id=15976, stack(0x000000000cd90000,0x000000000ce90000)]
  0x000000000c6b0800 JavaThread "C2 CompilerThread0" daemon [_thread_blocked, id=12680, stack(0x000000000cc90000,0x000000000cd90000)]
  0x0000000001e6f000 JavaThread "Attach Listener" daemon [_thread_blocked, id=17664, stack(0x000000000cb90000,0x000000000cc90000)]
  0x0000000001e6a000 JavaThread "Signal Dispatcher" daemon [_thread_blocked, id=17824, stack(0x000000000ca90000,0x000000000cb90000)]
  0x000000000a67d800 JavaThread "Finalizer" daemon [_thread_blocked, id=15044, stack(0x000000000c590000,0x000000000c690000)]
  0x000000000a676800 JavaThread "Reference Handler" daemon [_thread_blocked, id=17368, stack(0x000000000c490000,0x000000000c590000)]

Other Threads:
  0x000000000a675000 VMThread [stack: 0x000000000c390000,0x000000000c490000] [id=16980]
  0x000000000c6ce000 WatcherThread [stack: 0x000000000cf90000,0x000000000d090000] [id=3680]

VM state:not at safepoint (normal execution)

VM Mutex/Monitor currently owned by a thread: None

Heap
 PSYoungGen      total 38400K, used 11354K [0x00000007d5880000, 0x00000007d8300000, 0x0000000800000000)
  eden space 33280K, 34% used [0x00000007d5880000,0x00000007d6396818,0x00000007d7900000)
  from space 5120K, 0% used [0x00000007d7e00000,0x00000007d7e00000,0x00000007d8300000)
  to   space 5120K, 0% used [0x00000007d7900000,0x00000007d7900000,0x00000007d7e00000)
 ParOldGen       total 86528K, used 0K [0x0000000780a00000, 0x0000000785e80000, 0x00000007d5880000)
  object space 86528K, 0% used [0x0000000780a00000,0x0000000780a00000,0x0000000785e80000)
 PSPermGen       total 21504K, used 11187K [0x000000077b800000, 0x000000077cd00000, 0x0000000780a00000)
  object space 21504K, 52% used [0x000000077b800000,0x000000077c2ece90,0x000000077cd00000)

Card table byte_map: [0x0000000004f40000,0x0000000005370000] byte_map_base: 0x0000000001364000

Polling page: 0x0000000001b80000

Code Cache  [0x0000000001e80000, 0x00000000020f0000, 0x0000000004e80000)
 total_blobs=454 nmethods=28 adapters=378 free_code_cache=48594Kb largest_free_block=49746112

Compilation events (10 events):
Event: 0.454 Thread 0x0000000001e72000   23             java.util.Arrays::binarySearch0 (95 bytes)
Event: 0.454 Thread 0x000000000c6b0800   24             sun.java2d.loops.GraphicsPrimitiveMgr$2::compare (39 bytes)
Event: 0.454 Thread 0x000000000c6b0800 nmethod 24 0x0000000001f0b0d0 code [0x0000000001f0b220, 0x0000000001f0b2f8]
Event: 0.455 Thread 0x0000000001e72000 nmethod 23 0x0000000001f0b410 code [0x0000000001f0b560, 0x0000000001f0b718]
Event: 1.411 Thread 0x000000000c6b0800   25             java.util.HashMap::hash (55 bytes)
Event: 1.412 Thread 0x000000000c6b0800 nmethod 25 0x0000000001f08f50 code [0x0000000001f090a0, 0x0000000001f091e8]
Event: 2.959 Thread 0x0000000001e72000   27             java.util.HashMap::getEntry (86 bytes)
Event: 2.962 Thread 0x0000000001e72000 nmethod 27 0x0000000001f09410 code [0x0000000001f09580, 0x0000000001f09788]
Event: 3.109 Thread 0x000000000c6b0800   28             java.lang.String::equals (81 bytes)
Event: 3.112 Thread 0x000000000c6b0800 nmethod 28 0x0000000001f0ea90 code [0x0000000001f0ebe0, 0x0000000001f0ee38]

GC Heap History (0 events):
No events

Deoptimization events (4 events):
Event: 2.438 Thread 0x000000000c8a2000 Uncommon trap: reason=class_check action=maybe_recompile pc=0x0000000001ef1a84 method=java.lang.String.equals(Ljava/lang/Object;)Z @ 8
Event: 2.438 Thread 0x000000000c8a2000 Uncommon trap: reason=class_check action=maybe_recompile pc=0x0000000001ef1a84 method=java.lang.String.equals(Ljava/lang/Object;)Z @ 8
Event: 2.649 Thread 0x000000000c8a2000 Uncommon trap: reason=class_check action=maybe_recompile pc=0x0000000001ef1a84 method=java.lang.String.equals(Ljava/lang/Object;)Z @ 8
Event: 2.649 Thread 0x000000000c8a2000 Uncommon trap: reason=class_check action=maybe_recompile pc=0x0000000001ef1a84 method=java.lang.String.equals(Ljava/lang/Object;)Z @ 8

Internal exceptions (10 events):
Event: 3.074 Thread 0x000000000c8a2000 Threw 0x00000007d6294468 at C:\re\jdk7u51\527\hotspot\src\share\vm\prims\jvm.cpp:1244
Event: 3.075 Thread 0x000000000c8a2000 Threw 0x00000007d6299618 at C:\re\jdk7u51\527\hotspot\src\share\vm\prims\jvm.cpp:1244
Event: 3.109 Thread 0x000000000c8a2000 Threw 0x00000007d629ce90 at C:\re\jdk7u51\527\hotspot\src\share\vm\prims\jvm.cpp:1244
Event: 3.110 Thread 0x000000000c8a2000 Threw 0x00000007d62a0c78 at C:\re\jdk7u51\527\hotspot\src\share\vm\prims\jvm.cpp:1244
Event: 3.110 Thread 0x000000000c8a2000 Threw 0x00000007d62a4180 at C:\re\jdk7u51\527\hotspot\src\share\vm\prims\jvm.cpp:1244
Event: 3.110 Thread 0x000000000c8a2000 Threw 0x00000007d62a5a70 at C:\re\jdk7u51\527\hotspot\src\share\vm\prims\jvm.cpp:1244
Event: 3.110 Thread 0x000000000c8a2000 Threw 0x00000007d62a7a40 at C:\re\jdk7u51\527\hotspot\src\share\vm\prims\jvm.cpp:1244
Event: 3.111 Thread 0x000000000c8a2000 Threw 0x00000007d62ab3c8 at C:\re\jdk7u51\527\hotspot\src\share\vm\prims\jvm.cpp:1244
Event: 3.111 Thread 0x000000000c8a2000 Threw 0x00000007d62ad390 at C:\re\jdk7u51\527\hotspot\src\share\vm\prims\jvm.cpp:1244
Event: 3.111 Thread 0x000000000c8a2000 Threw 0x00000007d62af618 at C:\re\jdk7u51\527\hotspot\src\share\vm\prims\jvm.cpp:1244

Events (10 events):
Event: 3.111 loading class 0x000000000c6df8b0 done
Event: 3.111 loading class 0x000000000f752f00
Event: 3.111 loading class 0x000000000f752f00 done
Event: 3.112 loading class 0x000000000f6e8280
Event: 3.112 loading class 0x000000000f6e8280 done
Event: 3.112 loading class 0x000000000c8c5c10
Event: 3.112 loading class 0x000000000c8c5c10 done
Event: 3.112 Thread 0x000000000c932000 Thread added: 0x000000000c932000
Event: 3.188 loading class 0x0000000001dd0330
Event: 3.188 loading class 0x0000000001dd0330 done


Dynamic libraries:
0x00007ff772200000 - 0x00007ff772233000 	C:\Program Files\Java\jre7\bin\javaw.exe
0x00007fff88e10000 - 0x00007fff88fbc000 	C:\WINDOWS\SYSTEM32\ntdll.dll
0x00007fff87060000 - 0x00007fff8719a000 	C:\WINDOWS\system32\KERNEL32.DLL
0x00007fff862a0000 - 0x00007fff863af000 	C:\WINDOWS\system32\KERNELBASE.dll
0x00007fff849d0000 - 0x00007fff84a58000 	C:\WINDOWS\system32\apphelp.dll
0x00007fff77490000 - 0x00007fff774df000 	C:\WINDOWS\AppPatch\AppPatch64\AcGenral.DLL
0x00007fff86f50000 - 0x00007fff86ff7000 	C:\WINDOWS\system32\msvcrt.dll
0x00007fff86030000 - 0x00007fff8605b000 	C:\WINDOWS\SYSTEM32\SspiCli.dll
0x00007fff87770000 - 0x00007fff877c1000 	C:\WINDOWS\system32\SHLWAPI.dll
0x00007fff86bd0000 - 0x00007fff86d41000 	C:\WINDOWS\system32\USER32.dll
0x00007fff875f0000 - 0x00007fff87768000 	C:\WINDOWS\system32\ole32.dll
0x00007fff87a00000 - 0x00007fff88e0f000 	C:\WINDOWS\system32\SHELL32.dll
0x00007fff857f0000 - 0x00007fff8580e000 	C:\WINDOWS\SYSTEM32\USERENV.dll
0x00007fff86b20000 - 0x00007fff86bc5000 	C:\WINDOWS\system32\ADVAPI32.dll
0x00007fff7d000000 - 0x00007fff7d01b000 	C:\WINDOWS\SYSTEM32\MPR.dll
0x00007fff871a0000 - 0x00007fff872d7000 	C:\WINDOWS\system32\RPCRT4.dll
0x00007fff87480000 - 0x00007fff874d7000 	C:\WINDOWS\SYSTEM32\sechost.dll
0x00007fff86d50000 - 0x00007fff86f26000 	C:\WINDOWS\SYSTEM32\combase.dll
0x00007fff869d0000 - 0x00007fff86b14000 	C:\WINDOWS\system32\GDI32.dll
0x00007fff86180000 - 0x00007fff86194000 	C:\WINDOWS\SYSTEM32\profapi.dll
0x00007fff85250000 - 0x00007fff852ef000 	C:\WINDOWS\SYSTEM32\SHCORE.dll
0x00007fff879c0000 - 0x00007fff879f4000 	C:\WINDOWS\system32\IMM32.DLL
0x00007fff86820000 - 0x00007fff86959000 	C:\WINDOWS\system32\MSCTF.dll
0x00007fff835c0000 - 0x00007fff8381a000 	C:\WINDOWS\WinSxS\amd64_microsoft.windows.common-controls_6595b64144ccf1df_6.0.9600.17031_none_6242a4b3ecbb55a1\COMCTL32.dll
0x0000000050fc0000 - 0x0000000051092000 	C:\Program Files\Java\jre7\bin\msvcr100.dll
0x00000000507f0000 - 0x0000000050fb9000 	C:\Program Files\Java\jre7\bin\server\jvm.dll
0x00007fff81560000 - 0x00007fff81569000 	C:\WINDOWS\SYSTEM32\WSOCK32.dll
0x00007fff83820000 - 0x00007fff8383f000 	C:\WINDOWS\SYSTEM32\WINMM.dll
0x00007fff877d0000 - 0x00007fff877d7000 	C:\WINDOWS\system32\PSAPI.DLL
0x00007fff874e0000 - 0x00007fff87538000 	C:\WINDOWS\system32\WS2_32.dll
0x00007fff83580000 - 0x00007fff835aa000 	C:\WINDOWS\SYSTEM32\WINMMBASE.dll
0x00007fff86690000 - 0x00007fff86699000 	C:\WINDOWS\system32\NSI.dll
0x00007fff86640000 - 0x00007fff8668a000 	C:\WINDOWS\SYSTEM32\cfgmgr32.dll
0x00007fff84c30000 - 0x00007fff84c56000 	C:\WINDOWS\SYSTEM32\DEVOBJ.dll
0x00000000507e0000 - 0x00000000507ef000 	C:\Program Files\Java\jre7\bin\verify.dll
0x00000000507b0000 - 0x00000000507d8000 	C:\Program Files\Java\jre7\bin\java.dll
0x0000000050790000 - 0x00000000507a5000 	C:\Program Files\Java\jre7\bin\zip.dll
0x00000000525b0000 - 0x0000000052745000 	C:\Program Files\Java\jre7\bin\awt.dll
0x00007fff866a0000 - 0x00007fff86761000 	C:\WINDOWS\system32\OLEAUT32.dll
0x00007fff84ab0000 - 0x00007fff84bd1000 	C:\WINDOWS\system32\uxtheme.dll
0x00007fff7d700000 - 0x00007fff7d798000 	C:\Program Files\Common Files\microsoft shared\ink\tiptsf.dll
0x00007fff83b20000 - 0x00007fff83b40000 	C:\WINDOWS\system32\dwmapi.dll
0x00007fff84a60000 - 0x00007fff84a6a000 	C:\WINDOWS\SYSTEM32\kernel.appcore.dll
0x00007fff860c0000 - 0x00007fff860ca000 	C:\WINDOWS\SYSTEM32\CRYPTBASE.dll
0x00007fff86060000 - 0x00007fff860c0000 	C:\WINDOWS\SYSTEM32\bcryptPrimitives.dll
0x0000000050610000 - 0x0000000050657000 	C:\Program Files\Java\jre7\bin\fontmanager.dll
0x00007fff6fc30000 - 0x00007fff6fe38000 	C:\WINDOWS\system32\d3d9.dll
0x00007fff853b0000 - 0x00007fff853ba000 	C:\WINDOWS\SYSTEM32\VERSION.dll
0x00007fff61b90000 - 0x00007fff62ce2000 	C:\WINDOWS\SYSTEM32\nvd3dumx.dll
0x00007fff85810000 - 0x00007fff85855000 	C:\WINDOWS\system32\powrprof.dll
0x0000000050770000 - 0x0000000050789000 	C:\Program Files\Java\jre7\bin\net.dll
0x00007fff85a90000 - 0x00007fff85ae8000 	C:\WINDOWS\system32\mswsock.dll
0x0000000050750000 - 0x0000000050761000 	C:\Program Files\Java\jre7\bin\nio.dll
0x0000000050180000 - 0x00000000501c1000 	C:\Program Files\Java\jre7\bin\t2k.dll
0x000000006a000000 - 0x000000006a025000 	C:\Users\Marcus\.jssc\windows\jSSC-2.6_x86_64.dll
0x00007fff86770000 - 0x00007fff86814000 	C:\WINDOWS\SYSTEM32\clbcatq.dll
0x00007fff83de0000 - 0x00007fff83f8e000 	C:\WINDOWS\SYSTEM32\WindowsCodecs.dll
0x00007fff85af0000 - 0x00007fff85b0e000 	C:\WINDOWS\SYSTEM32\CRYPTSP.dll
0x00007fff856e0000 - 0x00007fff85715000 	C:\WINDOWS\system32\rsaenh.dll
0x00007fff85d30000 - 0x00007fff85d56000 	C:\WINDOWS\SYSTEM32\bcrypt.dll
0x00007fff81e10000 - 0x00007fff81e73000 	C:\WINDOWS\SYSTEM32\oleacc.dll
0x00007fff6dc00000 - 0x00007fff6dd88000 	C:\WINDOWS\SYSTEM32\dbghelp.dll

VM Arguments:
jvm_args: -Dfile.encoding=Cp1252 
java_command: network_model.WSNManager
Launcher Type: SUN_STANDARD

Environment Variables:
PATH=C:\Program Files (x86)\NVIDIA Corporation\PhysX\Common;C:\Program Files (x86)\Intel\iCLS Client\;C:\Program Files\Intel\iCLS Client\;C:\WINDOWS\system32;C:\WINDOWS;C:\WINDOWS\System32\Wbem;C:\WINDOWS\System32\WindowsPowerShell\v1.0\;C:\Program Files\Intel\Intel(R) Management Engine Components\DAL;C:\Program Files\Intel\Intel(R) Management Engine Components\IPT;C:\Program Files (x86)\Intel\Intel(R) Management Engine Components\DAL;C:\Program Files (x86)\Intel\Intel(R) Management Engine Components\IPT;C:\Program Files\Microsoft SQL Server\110\Tools\Binn\;D:\Programs\matlab\runtime\win64;D:\Programs\matlab\bin;C:\Program Files\Microsoft\Web Platform Installer\;C:\Program Files (x86)\Microsoft SQL Server\100\Tools\Binn\;C:\Program Files\Microsoft SQL Server\100\Tools\Binn\;C:\Program Files\Microsoft SQL Server\100\DTS\Binn\;C:\Program Files (x86)\Microsoft ASP.NET\ASP.NET Web Pages\v1.0\;C:\Program Files (x86)\MySQL\MySQL Utilities 1.3.4\;C:\Program Files\TortoiseGit\bin;C:\Program Files (x86)\Git\cmd;C:\Program Files (x86)\Microsoft SDKs\TypeScript\1.0\;C:\Program Files\Microsoft SQL Server\120\Tools\Binn\;C:\Program Files (x86)\Windows Kits\8.1\Windows Performance Toolkit\;C:\Program Files\OpenVPN\bin;C:\Program Files (x86)\NVIDIA Corporation\PhysX\Common;C:\Program Files (x86)\Intel\iCLS Client\;C:\Program Files\Intel\iCLS Client\;C:\Windows\system32;C:\Windows;C:\Windows\System32\Wbem;C:\Windows\System32\WindowsPowerShell\v1.0\;C:\Program Files\Intel\Intel(R) Management Engine Components\DAL;C:\Program Files\Intel\Intel(R) Management Engine Components\IPT;C:\Program Files (x86)\Intel\Intel(R) Management Engine Components\DAL;C:\Program Files (x86)\Intel\Intel(R) Management Engine Components\IPT;C:\Program Files\Microsoft SQL Server\110\Tools\Binn\;D:\Programs\matlab\runtime\win64;D:\Programs\matlab\bin;C:\Python27;C:\Python27\Scripts;C:\MinGW\bin\;C:\mspgcc\bin
USERNAME=Marcus
OS=Windows_NT
PROCESSOR_IDENTIFIER=Intel64 Family 6 Model 58 Stepping 9, GenuineIntel



---------------  S Y S T E M  ---------------

OS: Windows 8 , 64 bit Build 9200 

CPU:total 8 (4 cores per cpu, 2 threads per core) family 6 model 58 stepping 9, cmov, cx8, fxsr, mmx, sse, sse2, sse3, ssse3, sse4.1, sse4.2, popcnt, avx, aes, erms, ht, tsc, tscinvbit, tscinv

Memory: 4k page, physical 8340820k(1821812k free), swap 11355476k(1973472k free)

vm_info: Java HotSpot(TM) 64-Bit Server VM (24.51-b03) for windows-amd64 JRE (1.7.0_51-b13), built on Dec 18 2013 18:40:56 by "java_re" with unknown MS VC++:1600

time: Wed Apr 08 17:39:14 2015
elapsed time: 3 seconds

