#
# A fatal error has been detected by the Java Runtime Environment:
#
#  EXCEPTION_ACCESS_VIOLATION (0xc0000005) at pc=0x0000000050913209, pid=6268, tid=11996
#
# JRE version: Java(TM) SE Runtime Environment (7.0_51-b13) (build 1.7.0_51-b13)
# Java VM: Java HotSpot(TM) 64-Bit Server VM (24.51-b03 mixed mode windows-amd64 compressed oops)
# Problematic frame:
# V  [jvm.dll+0x123209]
#
# Failed to write core dump. Minidumps are not enabled by default on client versions of Windows
#
# If you would like to submit a bug report, please visit:
#   http://bugreport.sun.com/bugreport/crash.jsp
#

---------------  T H R E A D  ---------------

Current thread (0x000000000cfda800):  JavaThread "Thread-3" [_thread_in_vm, id=11996, stack(0x00000000116e0000,0x00000000117e0000)]

siginfo: ExceptionCode=0xc0000005, reading address 0x0000000000000000

Registers:
RAX=0x0000000000000000, RBX=0x000000000cfda800, RCX=0x0000000000000a80, RDX=0x0000000000000000
RSP=0x00000000117df490, RBP=0x0000000000000000, RSI=0x0000000000000000, RDI=0x0000000000000000
R8 =0x0000000000000000, R9 =0x0000000000b40000, R10=0x00007fff88e156e0, R11=0x0000000000000000
R12=0x0000000000000001, R13=0x00000000000005fc, R14=0x00000000117df608, R15=0x000000000cfda800
RIP=0x0000000050913209, EFLAGS=0x0000000000010202

Top of Stack: (sp=0x00000000117df490)
0x00000000117df490:   00000000117df4c0 000000006a012621
0x00000000117df4a0:   00000000117df430 000000000cfda800
0x00000000117df4b0:   00000000117df608 00000000000005fc
0x00000000117df4c0:   0000000000000001 000000006a00189f
0x00000000117df4d0:   0000000000b4eb30 00000000117df5d0
0x00000000117df4e0:   000000000cfda9e8 0000000000000000
0x00000000117df4f0:   00000000117df968 000000000cd57c60
0x00000000117df500:   000000000cd58038 00000000000003d8
0x00000000117df510:   00000000025163f0 000000077bfeba68
0x00000000117df520:   000000077c2dee10 00000000025163f0
0x00000000117df530:   00000000117df5d0 0000000000000000
0x00000000117df540:   000000077bfeba68 0000000002523090
0x00000000117df550:   0000000000000000 000000077c2d8c0f
0x00000000117df560:   00000000000000b6 000000000cd58078
0x00000000117df570:   000000000cd58038 0000000002524a01
0x00000000117df580:   000000000cfda800 00000000117df668 

Instructions: (pc=0x0000000050913209)
0x00000000509131e9:   a9 00 00 00 30 74 08 48 8b cb e8 d8 09 0d 00 c7
0x00000000509131f9:   83 60 02 00 00 06 00 00 00 40 38 3d 2f 7a 62 00
0x0000000050913209:   4c 8b 2e 41 bc 10 00 00 00 41 be 0c 00 00 00 41
0x0000000050913219:   8b c4 41 0f 45 c6 48 98 4a 63 0c 28 85 c9 75 54 


Register to memory mapping:

RAX=0x0000000000000000 is an unknown value
RBX=0x000000000cfda800 is a thread
RCX=0x0000000000000a80 is an unknown value
RDX=0x0000000000000000 is an unknown value
RSP=0x00000000117df490 is pointing into the stack for thread: 0x000000000cfda800
RBP=0x0000000000000000 is an unknown value
RSI=0x0000000000000000 is an unknown value
RDI=0x0000000000000000 is an unknown value
R8 =0x0000000000000000 is an unknown value
R9 =0x0000000000b40000 is an unknown value
R10=0x00007fff88e156e0 is an unknown value
R11=0x0000000000000000 is an unknown value
R12=0x0000000000000001 is an unknown value
R13=0x00000000000005fc is an unknown value
R14=0x00000000117df608 is pointing into the stack for thread: 0x000000000cfda800
R15=0x000000000cfda800 is a thread


Stack: [0x00000000116e0000,0x00000000117e0000],  sp=0x00000000117df490,  free space=1021k
Native frames: (J=compiled Java code, j=interpreted, Vv=VM code, C=native code)
V  [jvm.dll+0x123209]

[error occurred during error reporting (printing native stack), id 0xc0000005]

Java frames: (J=compiled Java code, j=interpreted, Vv=VM code)
j  jssc.SerialNativeInterface.writeBytes(J[B)Z+0
j  jssc.SerialPort.writeBytes([B)Z+15
j  serial.SerialThread.checkBuffer()V+14
j  serial.SerialThread.closeFrame()V+27
j  serial.SerialThread.captureByte(Ljava/lang/Byte;)V+58
j  serial.SerialThread.run()V+17
v  ~StubRoutines::call_stub

---------------  P R O C E S S  ---------------

Java Threads: ( => current thread )
=>0x000000000cfda800 JavaThread "Thread-3" [_thread_in_vm, id=11996, stack(0x00000000116e0000,0x00000000117e0000)]
  0x0000000000add800 JavaThread "DestroyJavaVM" [_thread_blocked, id=16820, stack(0x0000000002270000,0x0000000002370000)]
  0x000000000d0a9000 JavaThread "D3D Screen Updater" daemon [_thread_blocked, id=17972, stack(0x0000000010f70000,0x0000000011070000)]
  0x000000000cfe1800 JavaThread "Thread-1" [_thread_blocked, id=2388, stack(0x0000000010490000,0x0000000010590000)]
  0x000000000cf64000 JavaThread "TimerQueue" daemon [_thread_blocked, id=16588, stack(0x000000000fb90000,0x000000000fc90000)]
  0x000000000cef7800 JavaThread "AWT-EventQueue-0" [_thread_blocked, id=4900, stack(0x000000000e730000,0x000000000e830000)]
  0x000000000cd5f000 JavaThread "AWT-Windows" daemon [_thread_in_native, id=7840, stack(0x000000000dcf0000,0x000000000ddf0000)]
  0x000000000cd5d800 JavaThread "AWT-Shutdown" [_thread_blocked, id=18088, stack(0x000000000dbf0000,0x000000000dcf0000)]
  0x000000000ce2f000 JavaThread "Java2D Disposer" daemon [_thread_blocked, id=18064, stack(0x000000000daf0000,0x000000000dbf0000)]
  0x0000000002508000 JavaThread "Service Thread" daemon [_thread_blocked, id=11508, stack(0x000000000d4f0000,0x000000000d5f0000)]
  0x0000000002501000 JavaThread "C2 CompilerThread1" daemon [_thread_blocked, id=16348, stack(0x000000000d3f0000,0x000000000d4f0000)]
  0x00000000024ff000 JavaThread "C2 CompilerThread0" daemon [_thread_blocked, id=18036, stack(0x000000000d2f0000,0x000000000d3f0000)]
  0x000000000cd11000 JavaThread "Attach Listener" daemon [_thread_blocked, id=15304, stack(0x000000000d1f0000,0x000000000d2f0000)]
  0x000000000cd10800 JavaThread "Signal Dispatcher" daemon [_thread_blocked, id=17668, stack(0x000000000d0f0000,0x000000000d1f0000)]
  0x000000000ad0d800 JavaThread "Finalizer" daemon [_thread_blocked, id=14184, stack(0x000000000cbf0000,0x000000000ccf0000)]
  0x000000000ad06800 JavaThread "Reference Handler" daemon [_thread_blocked, id=17608, stack(0x000000000caf0000,0x000000000cbf0000)]

Other Threads:
  0x000000000ad05000 VMThread [stack: 0x000000000c9f0000,0x000000000caf0000] [id=18376]
  0x000000000250c000 WatcherThread [stack: 0x000000000d5f0000,0x000000000d6f0000] [id=14428]

VM state:not at safepoint (normal execution)

VM Mutex/Monitor currently owned by a thread: None

Heap
 PSYoungGen      total 38400K, used 11354K [0x00000007d5880000, 0x00000007d8300000, 0x0000000800000000)
  eden space 33280K, 34% used [0x00000007d5880000,0x00000007d63968a0,0x00000007d7900000)
  from space 5120K, 0% used [0x00000007d7e00000,0x00000007d7e00000,0x00000007d8300000)
  to   space 5120K, 0% used [0x00000007d7900000,0x00000007d7900000,0x00000007d7e00000)
 ParOldGen       total 86528K, used 0K [0x0000000780a00000, 0x0000000785e80000, 0x00000007d5880000)
  object space 86528K, 0% used [0x0000000780a00000,0x0000000780a00000,0x0000000785e80000)
 PSPermGen       total 21504K, used 11187K [0x000000077b800000, 0x000000077cd00000, 0x0000000780a00000)
  object space 21504K, 52% used [0x000000077b800000,0x000000077c2ecfe0,0x000000077cd00000)

Card table byte_map: [0x00000000055d0000,0x0000000005a00000] byte_map_base: 0x00000000019f4000

Polling page: 0x0000000000aa0000

Code Cache  [0x0000000002510000, 0x0000000002780000, 0x0000000005510000)
 total_blobs=456 nmethods=30 adapters=378 free_code_cache=48593Kb largest_free_block=49740288

Compilation events (10 events):
Event: 2.042 Thread 0x0000000002501000   26             java.util.HashMap::hash (55 bytes)
Event: 2.043 Thread 0x0000000002501000 nmethod 26 0x0000000002597a50 code [0x0000000002597ba0, 0x0000000002597ce8]
Event: 3.226 Thread 0x00000000024ff000   27             java.util.ArrayList::size (5 bytes)
Event: 3.226 Thread 0x00000000024ff000 nmethod 27 0x000000000259b590 code [0x000000000259b6c0, 0x000000000259b718]
Event: 3.413 Thread 0x0000000002501000   28             java.util.concurrent.locks.AbstractOwnableSynchronizer::setExclusiveOwnerThread (6 bytes)
Event: 3.414 Thread 0x0000000002501000 nmethod 28 0x000000000259b390 code [0x000000000259b4c0, 0x000000000259b538]
Event: 3.838 Thread 0x00000000024ff000   29             java.util.HashMap::getEntry (86 bytes)
Event: 3.840 Thread 0x00000000024ff000 nmethod 29 0x000000000259ae10 code [0x000000000259af80, 0x000000000259b188]
Event: 4.244 Thread 0x0000000002501000   30             java.lang.String::equals (81 bytes)
Event: 4.247 Thread 0x0000000002501000 nmethod 30 0x000000000259a950 code [0x000000000259aaa0, 0x000000000259acf8]

GC Heap History (0 events):
No events

Deoptimization events (4 events):
Event: 3.617 Thread 0x000000000cef7800 Uncommon trap: reason=class_check action=maybe_recompile pc=0x0000000002581a84 method=java.lang.String.equals(Ljava/lang/Object;)Z @ 8
Event: 3.617 Thread 0x000000000cef7800 Uncommon trap: reason=class_check action=maybe_recompile pc=0x0000000002581a84 method=java.lang.String.equals(Ljava/lang/Object;)Z @ 8
Event: 3.838 Thread 0x000000000cef7800 Uncommon trap: reason=class_check action=maybe_recompile pc=0x0000000002581a84 method=java.lang.String.equals(Ljava/lang/Object;)Z @ 8
Event: 3.838 Thread 0x000000000cef7800 Uncommon trap: reason=class_check action=maybe_recompile pc=0x0000000002581a84 method=java.lang.String.equals(Ljava/lang/Object;)Z @ 8

Internal exceptions (10 events):
Event: 4.243 Thread 0x000000000cef7800 Threw 0x00000007d6299cc8 at C:\re\jdk7u51\527\hotspot\src\share\vm\prims\jvm.cpp:1244
Event: 4.244 Thread 0x000000000cef7800 Threw 0x00000007d629d5b8 at C:\re\jdk7u51\527\hotspot\src\share\vm\prims\jvm.cpp:1244
Event: 4.261 Thread 0x000000000cef7800 Threw 0x00000007d62a2ef8 at C:\re\jdk7u51\527\hotspot\src\share\vm\prims\jvm.cpp:1244
Event: 4.262 Thread 0x000000000cef7800 Threw 0x00000007d62a6cf0 at C:\re\jdk7u51\527\hotspot\src\share\vm\prims\jvm.cpp:1244
Event: 4.262 Thread 0x000000000cef7800 Threw 0x00000007d62aa1f8 at C:\re\jdk7u51\527\hotspot\src\share\vm\prims\jvm.cpp:1244
Event: 4.262 Thread 0x000000000cef7800 Threw 0x00000007d62abae8 at C:\re\jdk7u51\527\hotspot\src\share\vm\prims\jvm.cpp:1244
Event: 4.263 Thread 0x000000000cef7800 Threw 0x00000007d62adab8 at C:\re\jdk7u51\527\hotspot\src\share\vm\prims\jvm.cpp:1244
Event: 4.263 Thread 0x000000000cef7800 Threw 0x00000007d62b1440 at C:\re\jdk7u51\527\hotspot\src\share\vm\prims\jvm.cpp:1244
Event: 4.263 Thread 0x000000000cef7800 Threw 0x00000007d62b3408 at C:\re\jdk7u51\527\hotspot\src\share\vm\prims\jvm.cpp:1244
Event: 4.263 Thread 0x000000000cef7800 Threw 0x00000007d62b5690 at C:\re\jdk7u51\527\hotspot\src\share\vm\prims\jvm.cpp:1244

Events (10 events):
Event: 4.264 loading class 0x000000000fc9fe20 done
Event: 4.264 loading class 0x000000000cfed180
Event: 4.264 loading class 0x000000000cfed180 done
Event: 4.264 Thread 0x000000000cfda800 Thread added: 0x000000000cfda800
Event: 4.264 loading class 0x000000000cdb4360
Event: 4.264 loading class 0x000000000cdb4360 done
Event: 4.264 loading class 0x000000000cdb43e0
Event: 4.264 loading class 0x000000000cdb43e0 done
Event: 4.292 loading class 0x0000000002460330
Event: 4.292 loading class 0x0000000002460330 done


Dynamic libraries:
0x00007ff772200000 - 0x00007ff772233000 	C:\Program Files\Java\jre7\bin\javaw.exe
0x00007fff88e10000 - 0x00007fff88fbc000 	C:\WINDOWS\SYSTEM32\ntdll.dll
0x00007fff87060000 - 0x00007fff8719a000 	C:\WINDOWS\system32\KERNEL32.DLL
0x00007fff862a0000 - 0x00007fff863af000 	C:\WINDOWS\system32\KERNELBASE.dll
0x00007fff849d0000 - 0x00007fff84a58000 	C:\WINDOWS\system32\apphelp.dll
0x00007fff77490000 - 0x00007fff774df000 	C:\WINDOWS\AppPatch\AppPatch64\AcGenral.DLL
0x00007fff86f50000 - 0x00007fff86ff7000 	C:\WINDOWS\system32\msvcrt.dll
0x00007fff86030000 - 0x00007fff8605b000 	C:\WINDOWS\SYSTEM32\SspiCli.dll
0x00007fff87770000 - 0x00007fff877c1000 	C:\WINDOWS\system32\SHLWAPI.dll
0x00007fff86bd0000 - 0x00007fff86d41000 	C:\WINDOWS\system32\USER32.dll
0x00007fff875f0000 - 0x00007fff87768000 	C:\WINDOWS\system32\ole32.dll
0x00007fff87a00000 - 0x00007fff88e0f000 	C:\WINDOWS\system32\SHELL32.dll
0x00007fff857f0000 - 0x00007fff8580e000 	C:\WINDOWS\SYSTEM32\USERENV.dll
0x00007fff86b20000 - 0x00007fff86bc5000 	C:\WINDOWS\system32\ADVAPI32.dll
0x00007fff7d000000 - 0x00007fff7d01b000 	C:\WINDOWS\SYSTEM32\MPR.dll
0x00007fff871a0000 - 0x00007fff872d7000 	C:\WINDOWS\system32\RPCRT4.dll
0x00007fff87480000 - 0x00007fff874d7000 	C:\WINDOWS\SYSTEM32\sechost.dll
0x00007fff86d50000 - 0x00007fff86f26000 	C:\WINDOWS\SYSTEM32\combase.dll
0x00007fff869d0000 - 0x00007fff86b14000 	C:\WINDOWS\system32\GDI32.dll
0x00007fff86180000 - 0x00007fff86194000 	C:\WINDOWS\SYSTEM32\profapi.dll
0x00007fff85250000 - 0x00007fff852ef000 	C:\WINDOWS\SYSTEM32\SHCORE.dll
0x00007fff879c0000 - 0x00007fff879f4000 	C:\WINDOWS\system32\IMM32.DLL
0x00007fff86820000 - 0x00007fff86959000 	C:\WINDOWS\system32\MSCTF.dll
0x00007fff835c0000 - 0x00007fff8381a000 	C:\WINDOWS\WinSxS\amd64_microsoft.windows.common-controls_6595b64144ccf1df_6.0.9600.17031_none_6242a4b3ecbb55a1\COMCTL32.dll
0x0000000050fc0000 - 0x0000000051092000 	C:\Program Files\Java\jre7\bin\msvcr100.dll
0x00000000507f0000 - 0x0000000050fb9000 	C:\Program Files\Java\jre7\bin\server\jvm.dll
0x00007fff81560000 - 0x00007fff81569000 	C:\WINDOWS\SYSTEM32\WSOCK32.dll
0x00007fff83820000 - 0x00007fff8383f000 	C:\WINDOWS\SYSTEM32\WINMM.dll
0x00007fff877d0000 - 0x00007fff877d7000 	C:\WINDOWS\system32\PSAPI.DLL
0x00007fff874e0000 - 0x00007fff87538000 	C:\WINDOWS\system32\WS2_32.dll
0x00007fff83580000 - 0x00007fff835aa000 	C:\WINDOWS\SYSTEM32\WINMMBASE.dll
0x00007fff86690000 - 0x00007fff86699000 	C:\WINDOWS\system32\NSI.dll
0x00007fff86640000 - 0x00007fff8668a000 	C:\WINDOWS\SYSTEM32\cfgmgr32.dll
0x00007fff84c30000 - 0x00007fff84c56000 	C:\WINDOWS\SYSTEM32\DEVOBJ.dll
0x00000000507e0000 - 0x00000000507ef000 	C:\Program Files\Java\jre7\bin\verify.dll
0x00000000507b0000 - 0x00000000507d8000 	C:\Program Files\Java\jre7\bin\java.dll
0x0000000050790000 - 0x00000000507a5000 	C:\Program Files\Java\jre7\bin\zip.dll
0x00000000525b0000 - 0x0000000052745000 	C:\Program Files\Java\jre7\bin\awt.dll
0x00007fff866a0000 - 0x00007fff86761000 	C:\WINDOWS\system32\OLEAUT32.dll
0x00007fff84ab0000 - 0x00007fff84bd1000 	C:\WINDOWS\system32\uxtheme.dll
0x00007fff7d700000 - 0x00007fff7d798000 	C:\Program Files\Common Files\microsoft shared\ink\tiptsf.dll
0x00007fff83b20000 - 0x00007fff83b40000 	C:\WINDOWS\system32\dwmapi.dll
0x00007fff84a60000 - 0x00007fff84a6a000 	C:\WINDOWS\SYSTEM32\kernel.appcore.dll
0x00007fff860c0000 - 0x00007fff860ca000 	C:\WINDOWS\SYSTEM32\CRYPTBASE.dll
0x00007fff86060000 - 0x00007fff860c0000 	C:\WINDOWS\SYSTEM32\bcryptPrimitives.dll
0x0000000050610000 - 0x0000000050657000 	C:\Program Files\Java\jre7\bin\fontmanager.dll
0x00007fff6fc30000 - 0x00007fff6fe38000 	C:\WINDOWS\system32\d3d9.dll
0x00007fff853b0000 - 0x00007fff853ba000 	C:\WINDOWS\SYSTEM32\VERSION.dll
0x00007fff61b90000 - 0x00007fff62ce2000 	C:\WINDOWS\SYSTEM32\nvd3dumx.dll
0x00007fff85810000 - 0x00007fff85855000 	C:\WINDOWS\system32\powrprof.dll
0x0000000050770000 - 0x0000000050789000 	C:\Program Files\Java\jre7\bin\net.dll
0x00007fff85a90000 - 0x00007fff85ae8000 	C:\WINDOWS\system32\mswsock.dll
0x0000000050750000 - 0x0000000050761000 	C:\Program Files\Java\jre7\bin\nio.dll
0x0000000050180000 - 0x00000000501c1000 	C:\Program Files\Java\jre7\bin\t2k.dll
0x000000006a000000 - 0x000000006a025000 	C:\Users\Marcus\.jssc\windows\jSSC-2.6_x86_64.dll
0x00007fff86770000 - 0x00007fff86814000 	C:\WINDOWS\SYSTEM32\clbcatq.dll
0x00007fff83de0000 - 0x00007fff83f8e000 	C:\WINDOWS\SYSTEM32\WindowsCodecs.dll
0x00007fff85af0000 - 0x00007fff85b0e000 	C:\WINDOWS\SYSTEM32\CRYPTSP.dll
0x00007fff856e0000 - 0x00007fff85715000 	C:\WINDOWS\system32\rsaenh.dll
0x00007fff85d30000 - 0x00007fff85d56000 	C:\WINDOWS\SYSTEM32\bcrypt.dll
0x00007fff81e10000 - 0x00007fff81e73000 	C:\WINDOWS\SYSTEM32\oleacc.dll
0x00007fff6dc00000 - 0x00007fff6dd88000 	C:\WINDOWS\SYSTEM32\dbghelp.dll

VM Arguments:
jvm_args: -Dfile.encoding=Cp1252 
java_command: network_model.WSNManager
Launcher Type: SUN_STANDARD

Environment Variables:
PATH=C:\Program Files (x86)\NVIDIA Corporation\PhysX\Common;C:\Program Files (x86)\Intel\iCLS Client\;C:\Program Files\Intel\iCLS Client\;C:\WINDOWS\system32;C:\WINDOWS;C:\WINDOWS\System32\Wbem;C:\WINDOWS\System32\WindowsPowerShell\v1.0\;C:\Program Files\Intel\Intel(R) Management Engine Components\DAL;C:\Program Files\Intel\Intel(R) Management Engine Components\IPT;C:\Program Files (x86)\Intel\Intel(R) Management Engine Components\DAL;C:\Program Files (x86)\Intel\Intel(R) Management Engine Components\IPT;C:\Program Files\Microsoft SQL Server\110\Tools\Binn\;D:\Programs\matlab\runtime\win64;D:\Programs\matlab\bin;C:\Program Files\Microsoft\Web Platform Installer\;C:\Program Files (x86)\Microsoft SQL Server\100\Tools\Binn\;C:\Program Files\Microsoft SQL Server\100\Tools\Binn\;C:\Program Files\Microsoft SQL Server\100\DTS\Binn\;C:\Program Files (x86)\Microsoft ASP.NET\ASP.NET Web Pages\v1.0\;C:\Program Files (x86)\MySQL\MySQL Utilities 1.3.4\;C:\Program Files\TortoiseGit\bin;C:\Program Files (x86)\Git\cmd;C:\Program Files (x86)\Microsoft SDKs\TypeScript\1.0\;C:\Program Files\Microsoft SQL Server\120\Tools\Binn\;C:\Program Files (x86)\Windows Kits\8.1\Windows Performance Toolkit\;C:\Program Files\OpenVPN\bin;C:\Program Files (x86)\NVIDIA Corporation\PhysX\Common;C:\Program Files (x86)\Intel\iCLS Client\;C:\Program Files\Intel\iCLS Client\;C:\Windows\system32;C:\Windows;C:\Windows\System32\Wbem;C:\Windows\System32\WindowsPowerShell\v1.0\;C:\Program Files\Intel\Intel(R) Management Engine Components\DAL;C:\Program Files\Intel\Intel(R) Management Engine Components\IPT;C:\Program Files (x86)\Intel\Intel(R) Management Engine Components\DAL;C:\Program Files (x86)\Intel\Intel(R) Management Engine Components\IPT;C:\Program Files\Microsoft SQL Server\110\Tools\Binn\;D:\Programs\matlab\runtime\win64;D:\Programs\matlab\bin;C:\Python27;C:\Python27\Scripts;C:\MinGW\bin\;C:\mspgcc\bin
USERNAME=Marcus
OS=Windows_NT
PROCESSOR_IDENTIFIER=Intel64 Family 6 Model 58 Stepping 9, GenuineIntel



---------------  S Y S T E M  ---------------

OS: Windows 8 , 64 bit Build 9200 

CPU:total 8 (4 cores per cpu, 2 threads per core) family 6 model 58 stepping 9, cmov, cx8, fxsr, mmx, sse, sse2, sse3, ssse3, sse4.1, sse4.2, popcnt, avx, aes, erms, ht, tsc, tscinvbit, tscinv

Memory: 4k page, physical 8340820k(1843200k free), swap 11355476k(1957600k free)

vm_info: Java HotSpot(TM) 64-Bit Server VM (24.51-b03) for windows-amd64 JRE (1.7.0_51-b13), built on Dec 18 2013 18:40:56 by "java_re" with unknown MS VC++:1600

time: Wed Apr 08 17:37:28 2015
elapsed time: 4 seconds

