#
# A fatal error has been detected by the Java Runtime Environment:
#
#  EXCEPTION_ACCESS_VIOLATION (0xc0000005) at pc=0x0000000050913209, pid=17492, tid=17916
#
# JRE version: Java(TM) SE Runtime Environment (7.0_51-b13) (build 1.7.0_51-b13)
# Java VM: Java HotSpot(TM) 64-Bit Server VM (24.51-b03 mixed mode windows-amd64 compressed oops)
# Problematic frame:
# V  [jvm.dll+0x123209]
#
# Failed to write core dump. Minidumps are not enabled by default on client versions of Windows
#
# If you would like to submit a bug report, please visit:
#   http://bugreport.sun.com/bugreport/crash.jsp
#

---------------  T H R E A D  ---------------

Current thread (0x000000000f95c000):  JavaThread "Thread-3" [_thread_in_vm, id=17916, stack(0x0000000011510000,0x0000000011610000)]

siginfo: ExceptionCode=0xc0000005, reading address 0x0000000000000000

Registers:
RAX=0x0000000000000000, RBX=0x000000000f95c000, RCX=0x0000000000000c00, RDX=0x0000000000000000
RSP=0x000000001160f390, RBP=0x0000000000000000, RSI=0x0000000000000000, RDI=0x0000000000000000
R8 =0x0000000000000000, R9 =0x00000000007f0000, R10=0x00007fff88e156e0, R11=0x0000000000000000
R12=0x0000000000000001, R13=0x00000000000005ec, R14=0x000000001160f508, R15=0x000000000f95c000
RIP=0x0000000050913209, EFLAGS=0x0000000000010202

Top of Stack: (sp=0x000000001160f390)
0x000000001160f390:   000000001160f3c0 000000006a012621
0x000000001160f3a0:   000000001160f330 000000000f95c000
0x000000001160f3b0:   000000001160f508 00000000000005ec
0x000000001160f3c0:   0000000000000001 000000006a00189f
0x000000001160f3d0:   00000000007feb30 000000001160f4d0
0x000000001160f3e0:   000000000f95c1e8 0000000000000000
0x000000001160f3f0:   000000001160f868 000000000ca711b0
0x000000001160f400:   000000000ca71588 00000000000003d8
0x000000001160f410:   00000000022263f0 000000077bfeba68
0x000000001160f420:   000000077c2de980 00000000022263f0
0x000000001160f430:   000000001160f4d0 0000000000000000
0x000000001160f440:   000000077bfeba68 0000000002233090
0x000000001160f450:   0000000000000000 000000077c2d877f
0x000000001160f460:   00000000000000b6 000000000ca715c8
0x000000001160f470:   000000000ca71588 0000000002234a01
0x000000001160f480:   000000000f95c000 000000001160f568 

Instructions: (pc=0x0000000050913209)
0x00000000509131e9:   a9 00 00 00 30 74 08 48 8b cb e8 d8 09 0d 00 c7
0x00000000509131f9:   83 60 02 00 00 06 00 00 00 40 38 3d 2f 7a 62 00
0x0000000050913209:   4c 8b 2e 41 bc 10 00 00 00 41 be 0c 00 00 00 41
0x0000000050913219:   8b c4 41 0f 45 c6 48 98 4a 63 0c 28 85 c9 75 54 


Register to memory mapping:

RAX=0x0000000000000000 is an unknown value
RBX=0x000000000f95c000 is a thread
RCX=0x0000000000000c00 is an unknown value
RDX=0x0000000000000000 is an unknown value
RSP=0x000000001160f390 is pointing into the stack for thread: 0x000000000f95c000
RBP=0x0000000000000000 is an unknown value
RSI=0x0000000000000000 is an unknown value
RDI=0x0000000000000000 is an unknown value
R8 =0x0000000000000000 is an unknown value
R9 =0x00000000007f0000 is an unknown value
R10=0x00007fff88e156e0 is an unknown value
R11=0x0000000000000000 is an unknown value
R12=0x0000000000000001 is an unknown value
R13=0x00000000000005ec is an unknown value
R14=0x000000001160f508 is pointing into the stack for thread: 0x000000000f95c000
R15=0x000000000f95c000 is a thread


Stack: [0x0000000011510000,0x0000000011610000],  sp=0x000000001160f390,  free space=1020k
Native frames: (J=compiled Java code, j=interpreted, Vv=VM code, C=native code)
V  [jvm.dll+0x123209]

[error occurred during error reporting (printing native stack), id 0xc0000005]

Java frames: (J=compiled Java code, j=interpreted, Vv=VM code)
j  jssc.SerialNativeInterface.writeBytes(J[B)Z+0
j  jssc.SerialPort.writeBytes([B)Z+15
j  serial.SerialThread.checkBuffer()V+14
j  serial.SerialThread.closeFrame()V+27
j  serial.SerialThread.captureByte(Ljava/lang/Byte;)V+58
j  serial.SerialThread.run()V+17
v  ~StubRoutines::call_stub

---------------  P R O C E S S  ---------------

Java Threads: ( => current thread )
=>0x000000000f95c000 JavaThread "Thread-3" [_thread_in_vm, id=17916, stack(0x0000000011510000,0x0000000011610000)]
  0x000000000cd43000 JavaThread "D3D Screen Updater" daemon [_thread_blocked, id=16896, stack(0x0000000010be0000,0x0000000010ce0000)]
  0x000000000221d800 JavaThread "DestroyJavaVM" [_thread_blocked, id=14892, stack(0x0000000001f20000,0x0000000002020000)]
  0x000000000cde6800 JavaThread "Thread-1" [_thread_blocked, id=15116, stack(0x0000000010130000,0x0000000010230000)]
  0x000000000cc77000 JavaThread "TimerQueue" daemon [_thread_blocked, id=15352, stack(0x000000000e530000,0x000000000e630000)]
  0x000000000cc3c000 JavaThread "AWT-EventQueue-0" [_thread_blocked, id=2260, stack(0x000000000e430000,0x000000000e530000)]
  0x000000000ca77800 JavaThread "AWT-Windows" daemon [_thread_in_native, id=18144, stack(0x000000000da00000,0x000000000db00000)]
  0x000000000ca76000 JavaThread "AWT-Shutdown" [_thread_blocked, id=996, stack(0x000000000d900000,0x000000000da00000)]
  0x000000000ca73000 JavaThread "Java2D Disposer" daemon [_thread_blocked, id=15808, stack(0x000000000d800000,0x000000000d900000)]
  0x000000000ca24000 JavaThread "Service Thread" daemon [_thread_blocked, id=15320, stack(0x000000000d200000,0x000000000d300000)]
  0x0000000002161000 JavaThread "C2 CompilerThread1" daemon [_thread_blocked, id=7068, stack(0x000000000d100000,0x000000000d200000)]
  0x000000000215f000 JavaThread "C2 CompilerThread0" daemon [_thread_blocked, id=16100, stack(0x000000000d000000,0x000000000d100000)]
  0x000000000ca21000 JavaThread "Attach Listener" daemon [_thread_blocked, id=17552, stack(0x000000000cf00000,0x000000000d000000)]
  0x000000000ca20800 JavaThread "Signal Dispatcher" daemon [_thread_blocked, id=18124, stack(0x000000000ce00000,0x000000000cf00000)]
  0x000000000aa1d800 JavaThread "Finalizer" daemon [_thread_blocked, id=14400, stack(0x000000000c900000,0x000000000ca00000)]
  0x000000000aa16800 JavaThread "Reference Handler" daemon [_thread_blocked, id=12428, stack(0x000000000c800000,0x000000000c900000)]

Other Threads:
  0x000000000aa15000 VMThread [stack: 0x000000000c700000,0x000000000c800000] [id=7288]
  0x000000000ca3e800 WatcherThread [stack: 0x000000000d300000,0x000000000d400000] [id=15336]

VM state:not at safepoint (normal execution)

VM Mutex/Monitor currently owned by a thread: None

Heap
 PSYoungGen      total 38400K, used 11354K [0x00000007d5880000, 0x00000007d8300000, 0x0000000800000000)
  eden space 33280K, 34% used [0x00000007d5880000,0x00000007d63968c8,0x00000007d7900000)
  from space 5120K, 0% used [0x00000007d7e00000,0x00000007d7e00000,0x00000007d8300000)
  to   space 5120K, 0% used [0x00000007d7900000,0x00000007d7900000,0x00000007d7e00000)
 ParOldGen       total 86528K, used 0K [0x0000000780a00000, 0x0000000785e80000, 0x00000007d5880000)
  object space 86528K, 0% used [0x0000000780a00000,0x0000000780a00000,0x0000000785e80000)
 PSPermGen       total 21504K, used 11182K [0x000000077b800000, 0x000000077cd00000, 0x0000000780a00000)
  object space 21504K, 52% used [0x000000077b800000,0x000000077c2eb8a0,0x000000077cd00000)

Card table byte_map: [0x00000000052e0000,0x0000000005710000] byte_map_base: 0x0000000001704000

Polling page: 0x0000000000680000

Code Cache  [0x0000000002220000, 0x0000000002490000, 0x0000000005220000)
 total_blobs=455 nmethods=29 adapters=378 free_code_cache=48594Kb largest_free_block=49739712

Compilation events (10 events):
Event: 0.437 Thread 0x000000000215f000 nmethod 24 0x00000000022a8810 code [0x00000000022a8960, 0x00000000022a8a38]
Event: 0.438 Thread 0x0000000002161000 nmethod 23 0x00000000022a8310 code [0x00000000022a8460, 0x00000000022a8618]
Event: 1.418 Thread 0x000000000215f000   26             java.util.HashMap::hash (55 bytes)
Event: 1.419 Thread 0x000000000215f000 nmethod 26 0x00000000022abbd0 code [0x00000000022abd20, 0x00000000022abe68]
Event: 1.740 Thread 0x0000000002161000   27             java.util.ArrayList::size (5 bytes)
Event: 1.740 Thread 0x0000000002161000 nmethod 27 0x00000000022ac0d0 code [0x00000000022ac200, 0x00000000022ac258]
Event: 3.939 Thread 0x000000000215f000   28             java.util.HashMap::getEntry (86 bytes)
Event: 3.941 Thread 0x000000000215f000 nmethod 28 0x00000000022a9250 code [0x00000000022a93c0, 0x00000000022a95c8]
Event: 3.946 Thread 0x0000000002161000   29             java.util.concurrent.locks.AbstractOwnableSynchronizer::setExclusiveOwnerThread (6 bytes)
Event: 3.946 Thread 0x0000000002161000 nmethod 29 0x00000000022a9050 code [0x00000000022a9180, 0x00000000022a91f8]

GC Heap History (0 events):
No events

Deoptimization events (4 events):
Event: 3.692 Thread 0x000000000cc3c000 Uncommon trap: reason=class_check action=maybe_recompile pc=0x0000000002291c84 method=java.lang.String.equals(Ljava/lang/Object;)Z @ 8
Event: 3.692 Thread 0x000000000cc3c000 Uncommon trap: reason=class_check action=maybe_recompile pc=0x0000000002291c84 method=java.lang.String.equals(Ljava/lang/Object;)Z @ 8
Event: 3.818 Thread 0x000000000cc3c000 Uncommon trap: reason=class_check action=maybe_recompile pc=0x0000000002291c84 method=java.lang.String.equals(Ljava/lang/Object;)Z @ 8
Event: 3.818 Thread 0x000000000cc3c000 Uncommon trap: reason=class_check action=maybe_recompile pc=0x0000000002291c84 method=java.lang.String.equals(Ljava/lang/Object;)Z @ 8

Internal exceptions (10 events):
Event: 4.203 Thread 0x000000000cc3c000 Threw 0x00000007d6297968 at C:\re\jdk7u51\527\hotspot\src\share\vm\prims\jvm.cpp:1244
Event: 4.203 Thread 0x000000000cc3c000 Threw 0x00000007d629b258 at C:\re\jdk7u51\527\hotspot\src\share\vm\prims\jvm.cpp:1244
Event: 4.237 Thread 0x000000000cc3c000 Threw 0x00000007d62a0638 at C:\re\jdk7u51\527\hotspot\src\share\vm\prims\jvm.cpp:1244
Event: 4.238 Thread 0x000000000cc3c000 Threw 0x00000007d62a4430 at C:\re\jdk7u51\527\hotspot\src\share\vm\prims\jvm.cpp:1244
Event: 4.238 Thread 0x000000000cc3c000 Threw 0x00000007d62a7938 at C:\re\jdk7u51\527\hotspot\src\share\vm\prims\jvm.cpp:1244
Event: 4.238 Thread 0x000000000cc3c000 Threw 0x00000007d62a9228 at C:\re\jdk7u51\527\hotspot\src\share\vm\prims\jvm.cpp:1244
Event: 4.238 Thread 0x000000000cc3c000 Threw 0x00000007d62ab1f8 at C:\re\jdk7u51\527\hotspot\src\share\vm\prims\jvm.cpp:1244
Event: 4.239 Thread 0x000000000cc3c000 Threw 0x00000007d62aeb80 at C:\re\jdk7u51\527\hotspot\src\share\vm\prims\jvm.cpp:1244
Event: 4.239 Thread 0x000000000cc3c000 Threw 0x00000007d62b0b48 at C:\re\jdk7u51\527\hotspot\src\share\vm\prims\jvm.cpp:1244
Event: 4.239 Thread 0x000000000cc3c000 Threw 0x00000007d62b2dd0 at C:\re\jdk7u51\527\hotspot\src\share\vm\prims\jvm.cpp:1244

Events (10 events):
Event: 4.239 loading class 0x000000000ca50e50 done
Event: 4.239 loading class 0x000000000f95fbe0
Event: 4.239 loading class 0x000000000f95fbe0 done
Event: 4.240 loading class 0x000000000fa1a500
Event: 4.240 loading class 0x000000000fa1a500 done
Event: 4.240 loading class 0x000000000cd157e0
Event: 4.240 loading class 0x000000000cd157e0 done
Event: 4.240 Thread 0x000000000f95c000 Thread added: 0x000000000f95c000
Event: 4.268 loading class 0x00000000020c0330
Event: 4.268 loading class 0x00000000020c0330 done


Dynamic libraries:
0x00007ff772200000 - 0x00007ff772233000 	C:\Program Files\Java\jre7\bin\javaw.exe
0x00007fff88e10000 - 0x00007fff88fbc000 	C:\WINDOWS\SYSTEM32\ntdll.dll
0x00007fff87060000 - 0x00007fff8719a000 	C:\WINDOWS\system32\KERNEL32.DLL
0x00007fff862a0000 - 0x00007fff863af000 	C:\WINDOWS\system32\KERNELBASE.dll
0x00007fff849d0000 - 0x00007fff84a58000 	C:\WINDOWS\system32\apphelp.dll
0x00007fff77490000 - 0x00007fff774df000 	C:\WINDOWS\AppPatch\AppPatch64\AcGenral.DLL
0x00007fff86f50000 - 0x00007fff86ff7000 	C:\WINDOWS\system32\msvcrt.dll
0x00007fff86030000 - 0x00007fff8605b000 	C:\WINDOWS\SYSTEM32\SspiCli.dll
0x00007fff87770000 - 0x00007fff877c1000 	C:\WINDOWS\system32\SHLWAPI.dll
0x00007fff86bd0000 - 0x00007fff86d41000 	C:\WINDOWS\system32\USER32.dll
0x00007fff875f0000 - 0x00007fff87768000 	C:\WINDOWS\system32\ole32.dll
0x00007fff87a00000 - 0x00007fff88e0f000 	C:\WINDOWS\system32\SHELL32.dll
0x00007fff857f0000 - 0x00007fff8580e000 	C:\WINDOWS\SYSTEM32\USERENV.dll
0x00007fff86b20000 - 0x00007fff86bc5000 	C:\WINDOWS\system32\ADVAPI32.dll
0x00007fff7d000000 - 0x00007fff7d01b000 	C:\WINDOWS\SYSTEM32\MPR.dll
0x00007fff871a0000 - 0x00007fff872d7000 	C:\WINDOWS\system32\RPCRT4.dll
0x00007fff87480000 - 0x00007fff874d7000 	C:\WINDOWS\SYSTEM32\sechost.dll
0x00007fff86d50000 - 0x00007fff86f26000 	C:\WINDOWS\SYSTEM32\combase.dll
0x00007fff869d0000 - 0x00007fff86b14000 	C:\WINDOWS\system32\GDI32.dll
0x00007fff86180000 - 0x00007fff86194000 	C:\WINDOWS\SYSTEM32\profapi.dll
0x00007fff85250000 - 0x00007fff852ef000 	C:\WINDOWS\SYSTEM32\SHCORE.dll
0x00007fff879c0000 - 0x00007fff879f4000 	C:\WINDOWS\system32\IMM32.DLL
0x00007fff86820000 - 0x00007fff86959000 	C:\WINDOWS\system32\MSCTF.dll
0x00007fff835c0000 - 0x00007fff8381a000 	C:\WINDOWS\WinSxS\amd64_microsoft.windows.common-controls_6595b64144ccf1df_6.0.9600.17031_none_6242a4b3ecbb55a1\COMCTL32.dll
0x0000000050fc0000 - 0x0000000051092000 	C:\Program Files\Java\jre7\bin\msvcr100.dll
0x00000000507f0000 - 0x0000000050fb9000 	C:\Program Files\Java\jre7\bin\server\jvm.dll
0x00007fff81560000 - 0x00007fff81569000 	C:\WINDOWS\SYSTEM32\WSOCK32.dll
0x00007fff83820000 - 0x00007fff8383f000 	C:\WINDOWS\SYSTEM32\WINMM.dll
0x00007fff877d0000 - 0x00007fff877d7000 	C:\WINDOWS\system32\PSAPI.DLL
0x00007fff874e0000 - 0x00007fff87538000 	C:\WINDOWS\system32\WS2_32.dll
0x00007fff83580000 - 0x00007fff835aa000 	C:\WINDOWS\SYSTEM32\WINMMBASE.dll
0x00007fff86690000 - 0x00007fff86699000 	C:\WINDOWS\system32\NSI.dll
0x00007fff86640000 - 0x00007fff8668a000 	C:\WINDOWS\SYSTEM32\cfgmgr32.dll
0x00007fff84c30000 - 0x00007fff84c56000 	C:\WINDOWS\SYSTEM32\DEVOBJ.dll
0x00000000507e0000 - 0x00000000507ef000 	C:\Program Files\Java\jre7\bin\verify.dll
0x00000000507b0000 - 0x00000000507d8000 	C:\Program Files\Java\jre7\bin\java.dll
0x0000000050790000 - 0x00000000507a5000 	C:\Program Files\Java\jre7\bin\zip.dll
0x00000000525b0000 - 0x0000000052745000 	C:\Program Files\Java\jre7\bin\awt.dll
0x00007fff866a0000 - 0x00007fff86761000 	C:\WINDOWS\system32\OLEAUT32.dll
0x00007fff84ab0000 - 0x00007fff84bd1000 	C:\WINDOWS\system32\uxtheme.dll
0x00007fff7d700000 - 0x00007fff7d798000 	C:\Program Files\Common Files\microsoft shared\ink\tiptsf.dll
0x00007fff83b20000 - 0x00007fff83b40000 	C:\WINDOWS\system32\dwmapi.dll
0x00007fff84a60000 - 0x00007fff84a6a000 	C:\WINDOWS\SYSTEM32\kernel.appcore.dll
0x00007fff860c0000 - 0x00007fff860ca000 	C:\WINDOWS\SYSTEM32\CRYPTBASE.dll
0x00007fff86060000 - 0x00007fff860c0000 	C:\WINDOWS\SYSTEM32\bcryptPrimitives.dll
0x0000000050610000 - 0x0000000050657000 	C:\Program Files\Java\jre7\bin\fontmanager.dll
0x00007fff6fc30000 - 0x00007fff6fe38000 	C:\WINDOWS\system32\d3d9.dll
0x00007fff853b0000 - 0x00007fff853ba000 	C:\WINDOWS\SYSTEM32\VERSION.dll
0x00007fff61b90000 - 0x00007fff62ce2000 	C:\WINDOWS\SYSTEM32\nvd3dumx.dll
0x00007fff85810000 - 0x00007fff85855000 	C:\WINDOWS\system32\powrprof.dll
0x0000000050770000 - 0x0000000050789000 	C:\Program Files\Java\jre7\bin\net.dll
0x00007fff85a90000 - 0x00007fff85ae8000 	C:\WINDOWS\system32\mswsock.dll
0x0000000050750000 - 0x0000000050761000 	C:\Program Files\Java\jre7\bin\nio.dll
0x0000000050180000 - 0x00000000501c1000 	C:\Program Files\Java\jre7\bin\t2k.dll
0x000000006a000000 - 0x000000006a025000 	C:\Users\Marcus\.jssc\windows\jSSC-2.6_x86_64.dll
0x00007fff86770000 - 0x00007fff86814000 	C:\WINDOWS\SYSTEM32\clbcatq.dll
0x00007fff83de0000 - 0x00007fff83f8e000 	C:\WINDOWS\SYSTEM32\WindowsCodecs.dll
0x00007fff85af0000 - 0x00007fff85b0e000 	C:\WINDOWS\SYSTEM32\CRYPTSP.dll
0x00007fff856e0000 - 0x00007fff85715000 	C:\WINDOWS\system32\rsaenh.dll
0x00007fff85d30000 - 0x00007fff85d56000 	C:\WINDOWS\SYSTEM32\bcrypt.dll
0x00007fff81e10000 - 0x00007fff81e73000 	C:\WINDOWS\SYSTEM32\oleacc.dll
0x00007fff6dc00000 - 0x00007fff6dd88000 	C:\WINDOWS\SYSTEM32\dbghelp.dll

VM Arguments:
jvm_args: -Dfile.encoding=Cp1252 
java_command: network_model.WSNManager
Launcher Type: SUN_STANDARD

Environment Variables:
PATH=C:\Program Files (x86)\NVIDIA Corporation\PhysX\Common;C:\Program Files (x86)\Intel\iCLS Client\;C:\Program Files\Intel\iCLS Client\;C:\WINDOWS\system32;C:\WINDOWS;C:\WINDOWS\System32\Wbem;C:\WINDOWS\System32\WindowsPowerShell\v1.0\;C:\Program Files\Intel\Intel(R) Management Engine Components\DAL;C:\Program Files\Intel\Intel(R) Management Engine Components\IPT;C:\Program Files (x86)\Intel\Intel(R) Management Engine Components\DAL;C:\Program Files (x86)\Intel\Intel(R) Management Engine Components\IPT;C:\Program Files\Microsoft SQL Server\110\Tools\Binn\;D:\Programs\matlab\runtime\win64;D:\Programs\matlab\bin;C:\Program Files\Microsoft\Web Platform Installer\;C:\Program Files (x86)\Microsoft SQL Server\100\Tools\Binn\;C:\Program Files\Microsoft SQL Server\100\Tools\Binn\;C:\Program Files\Microsoft SQL Server\100\DTS\Binn\;C:\Program Files (x86)\Microsoft ASP.NET\ASP.NET Web Pages\v1.0\;C:\Program Files (x86)\MySQL\MySQL Utilities 1.3.4\;C:\Program Files\TortoiseGit\bin;C:\Program Files (x86)\Git\cmd;C:\Program Files (x86)\Microsoft SDKs\TypeScript\1.0\;C:\Program Files\Microsoft SQL Server\120\Tools\Binn\;C:\Program Files (x86)\Windows Kits\8.1\Windows Performance Toolkit\;C:\Program Files\OpenVPN\bin;C:\Program Files (x86)\NVIDIA Corporation\PhysX\Common;C:\Program Files (x86)\Intel\iCLS Client\;C:\Program Files\Intel\iCLS Client\;C:\Windows\system32;C:\Windows;C:\Windows\System32\Wbem;C:\Windows\System32\WindowsPowerShell\v1.0\;C:\Program Files\Intel\Intel(R) Management Engine Components\DAL;C:\Program Files\Intel\Intel(R) Management Engine Components\IPT;C:\Program Files (x86)\Intel\Intel(R) Management Engine Components\DAL;C:\Program Files (x86)\Intel\Intel(R) Management Engine Components\IPT;C:\Program Files\Microsoft SQL Server\110\Tools\Binn\;D:\Programs\matlab\runtime\win64;D:\Programs\matlab\bin;C:\Python27;C:\Python27\Scripts;C:\MinGW\bin\;C:\mspgcc\bin
USERNAME=Marcus
OS=Windows_NT
PROCESSOR_IDENTIFIER=Intel64 Family 6 Model 58 Stepping 9, GenuineIntel



---------------  S Y S T E M  ---------------

OS: Windows 8 , 64 bit Build 9200 

CPU:total 8 (4 cores per cpu, 2 threads per core) family 6 model 58 stepping 9, cmov, cx8, fxsr, mmx, sse, sse2, sse3, ssse3, sse4.1, sse4.2, popcnt, avx, aes, erms, ht, tsc, tscinvbit, tscinv

Memory: 4k page, physical 8340820k(1817788k free), swap 11355476k(1961812k free)

vm_info: Java HotSpot(TM) 64-Bit Server VM (24.51-b03) for windows-amd64 JRE (1.7.0_51-b13), built on Dec 18 2013 18:40:56 by "java_re" with unknown MS VC++:1600

time: Wed Apr 08 17:39:04 2015
elapsed time: 4 seconds

